<?xml version="1.0" encoding="utf-8"?><testsuites name="pytest tests"><testsuite name="pytest" errors="0" failures="0" skipped="0" tests="16" time="9.602" timestamp="2026-02-13T04:11:08.437998+00:00" hostname="agent-env-bee47de1-7d35-4485-a3e7-4d6dd2e411e7"><testcase classname="backend.tests.test_compassx_features.TestAuthAndUserSetup" name="test_login_success" time="0.332" /><testcase classname="backend.tests.test_compassx_features.TestAuthAndUserSetup" name="test_get_all_users" time="0.248" /><testcase classname="backend.tests.test_compassx_features.TestOrganizationOwnerSelection" name="test_get_users_for_owner_dropdown" time="0.276" /><testcase classname="backend.tests.test_compassx_features.TestOrganizationOwnerSelection" name="test_create_organization_with_owner" time="0.033" /><testcase classname="backend.tests.test_compassx_features.TestContactOwnerSelection" name="test_create_contact_with_owner" time="0.347" /><testcase classname="backend.tests.test_compassx_features.TestOpportunityOwnerSelection" name="test_create_opportunity_with_specific_owner" time="0.411" /><testcase classname="backend.tests.test_compassx_features.TestAICopilot" name="test_ai_copilot_summarize" time="3.005" /><testcase classname="backend.tests.test_compassx_features.TestAICopilot" name="test_ai_copilot_suggest_activity" time="4.134" /><testcase classname="backend.tests.test_compassx_features.TestAICopilot" name="test_ai_copilot_invalid_action" time="0.013" /><testcase classname="backend.tests.test_compassx_features.TestReportsAndAnalytics" name="test_analytics_summary" time="0.288" /><testcase classname="backend.tests.test_compassx_features.TestReportsAndAnalytics" name="test_analytics_by_owner" time="0.009" /><testcase classname="backend.tests.test_compassx_features.TestReportsAndAnalytics" name="test_analytics_pipeline" time="0.010" /><testcase classname="backend.tests.test_compassx_features.TestReportsAndAnalytics" name="test_analytics_engagement_types" time="0.050" /><testcase classname="backend.tests.test_compassx_features.TestPipelineFiltering" name="test_main_pipeline_shows_all" time="0.280" /><testcase classname="backend.tests.test_compassx_features.TestPipelineFiltering" name="test_my_pipeline_filters_by_owner" time="0.013" /><testcase classname="backend.tests.test_compassx_features.TestPipelineFiltering" name="test_pipeline_filtering_comparison" time="0.023" /></testsuite></testsuites>