<?xml version="1.0" encoding="utf-8"?><testsuites name="pytest tests"><testsuite name="pytest" errors="0" failures="0" skipped="0" tests="10" time="1.814" timestamp="2026-02-13T07:55:24.509610+00:00" hostname="agent-env-8d9333e3-70c1-4071-96cf-0cece8f337f5"><testcase classname="backend.tests.test_iteration12_deal_builder.TestDealBuilderBackend" name="test_get_opportunities_returns_deal_builder_fields" time="0.619" /><testcase classname="backend.tests.test_iteration12_deal_builder.TestDealBuilderBackend" name="test_get_single_opportunity_returns_deal_builder_fields" time="0.202" /><testcase classname="backend.tests.test_iteration12_deal_builder.TestDealBuilderBackend" name="test_update_opportunity_with_deal_builder_fields" time="0.062" /><testcase classname="backend.tests.test_iteration12_deal_builder.TestDealBuilderBackend" name="test_update_opportunity_with_partial_deal_builder" time="0.060" /><testcase classname="backend.tests.test_iteration12_deal_builder.TestDealBuilderBackend" name="test_update_opportunity_clear_deal_builder" time="0.056" /><testcase classname="backend.tests.test_iteration12_deal_builder.TestOrganizationSummaryWonLost" name="test_organization_summary_returns_won_lost_fields" time="0.141" /><testcase classname="backend.tests.test_iteration12_deal_builder.TestOrganizationSummaryWonLost" name="test_organization_summary_preserves_existing_fields" time="0.099" /><testcase classname="backend.tests.test_iteration12_deal_builder.TestOrganizationSummaryWonLost" name="test_organization_summary_multiple_orgs" time="0.270" /><testcase classname="backend.tests.test_iteration12_deal_builder.TestDealBuilderCalculation" name="test_deal_builder_values_persisted_correctly" time="0.113" /><testcase classname="backend.tests.test_iteration12_deal_builder.TestDealBuilderCalculation" name="test_deal_builder_combined_with_other_fields" time="0.062" /></testsuite></testsuites>