<?xml version="1.0" encoding="utf-8"?><testsuites name="pytest tests"><testsuite name="pytest" errors="0" failures="3" skipped="0" tests="11" time="2.583" timestamp="2026-02-13T05:59:19.822311+00:00" hostname="agent-env-4d67f4a1-a957-479a-b35a-2abd02a1bb43"><testcase classname="backend.tests.test_google_oauth.TestPasswordLogin" name="test_password_login_success" time="0.343"><failure message="AssertionError: assert 'admin' == 'sales_lead'&#10;  &#10;  - sales_lead&#10;  + admin">backend/tests/test_google_oauth.py:31: in test_password_login_success
    assert data["role"] == "sales_lead"
E   AssertionError: assert 'admin' == 'sales_lead'
E     
E     - sales_lead
E     + admin</failure></testcase><testcase classname="backend.tests.test_google_oauth.TestPasswordLogin" name="test_password_login_invalid_password" time="0.263" /><testcase classname="backend.tests.test_google_oauth.TestPasswordLogin" name="test_password_login_unauthorized_email" time="0.041" /><testcase classname="backend.tests.test_google_oauth.TestGoogleOAuthSession" name="test_google_session_endpoint_exists" time="0.040" /><testcase classname="backend.tests.test_google_oauth.TestGoogleOAuthSession" name="test_google_session_invalid_session" time="0.186" /><testcase classname="backend.tests.test_google_oauth.TestAuthorizedUsers" name="test_authorized_users_list" time="0.308" /><testcase classname="backend.tests.test_google_oauth.TestAuthorizedUsers" name="test_seth_cushing_is_admin" time="0.307" /><testcase classname="backend.tests.test_google_oauth.TestAuthorizedUsers" name="test_other_users_are_sales_lead" time="0.295"><failure message="AssertionError: User brian.clements@compassx.com should be sales_lead, got admin&#10;assert 'admin' == 'sales_lead'&#10;  &#10;  - sales_lead&#10;  + admin">backend/tests/test_google_oauth.py:144: in test_other_users_are_sales_lead
    assert user["role"] == "sales_lead", f"User {user['email']} should be sales_lead, got {user['role']}"
E   AssertionError: User brian.clements@compassx.com should be sales_lead, got admin
E   assert 'admin' == 'sales_lead'
E     
E     - sales_lead
E     + admin</failure></testcase><testcase classname="backend.tests.test_google_oauth.TestAuthMeEndpoint" name="test_auth_me_with_valid_session" time="0.299"><failure message="AssertionError: assert 'admin' == 'sales_lead'&#10;  &#10;  - sales_lead&#10;  + admin">backend/tests/test_google_oauth.py:167: in test_auth_me_with_valid_session
    assert data["role"] == "sales_lead"
E   AssertionError: assert 'admin' == 'sales_lead'
E     
E     - sales_lead
E     + admin</failure></testcase><testcase classname="backend.tests.test_google_oauth.TestAuthMeEndpoint" name="test_auth_me_without_session" time="0.036" /><testcase classname="backend.tests.test_google_oauth.TestLogout" name="test_logout_clears_session" time="0.340" /></testsuite></testsuites>