<?xml version="1.0" encoding="utf-8"?><testsuites name="pytest tests"><testsuite name="pytest" errors="0" failures="0" skipped="0" tests="11" time="2.497" timestamp="2026-02-13T06:00:04.281760+00:00" hostname="agent-env-4d67f4a1-a957-479a-b35a-2abd02a1bb43"><testcase classname="backend.tests.test_google_oauth.TestPasswordLogin" name="test_password_login_success" time="0.335" /><testcase classname="backend.tests.test_google_oauth.TestPasswordLogin" name="test_password_login_invalid_password" time="0.267" /><testcase classname="backend.tests.test_google_oauth.TestPasswordLogin" name="test_password_login_unauthorized_email" time="0.036" /><testcase classname="backend.tests.test_google_oauth.TestGoogleOAuthSession" name="test_google_session_endpoint_exists" time="0.036" /><testcase classname="backend.tests.test_google_oauth.TestGoogleOAuthSession" name="test_google_session_invalid_session" time="0.144" /><testcase classname="backend.tests.test_google_oauth.TestAuthorizedUsers" name="test_authorized_users_list" time="0.343" /><testcase classname="backend.tests.test_google_oauth.TestAuthorizedUsers" name="test_seth_cushing_is_admin" time="0.339" /><testcase classname="backend.tests.test_google_oauth.TestAuthorizedUsers" name="test_other_users_are_sales_lead" time="0.302" /><testcase classname="backend.tests.test_google_oauth.TestAuthMeEndpoint" name="test_auth_me_with_valid_session" time="0.294" /><testcase classname="backend.tests.test_google_oauth.TestAuthMeEndpoint" name="test_auth_me_without_session" time="0.036" /><testcase classname="backend.tests.test_google_oauth.TestLogout" name="test_logout_clears_session" time="0.300" /></testsuite></testsuites>