<?xml version="1.0" encoding="utf-8"?><testsuites name="pytest tests"><testsuite name="pytest" errors="0" failures="0" skipped="0" tests="11" time="3.322" timestamp="2026-02-13T15:25:50.719215+00:00" hostname="agent-env-4d7b6697-561f-44e2-8a27-981542aa6905"><testcase classname="backend.tests.test_dashboard_features.TestReportsSummary" name="test_reports_summary_endpoint_exists" time="0.630" /><testcase classname="backend.tests.test_dashboard_features.TestReportsSummary" name="test_reports_summary_has_won_metrics" time="0.076" /><testcase classname="backend.tests.test_dashboard_features.TestReportsSummary" name="test_reports_summary_has_lost_metrics" time="0.089" /><testcase classname="backend.tests.test_dashboard_features.TestReportsSummary" name="test_reports_summary_has_active_metrics" time="0.076" /><testcase classname="backend.tests.test_dashboard_features.TestReportsSummary" name="test_reports_summary_has_pipeline_metrics" time="0.104" /><testcase classname="backend.tests.test_dashboard_features.TestReportsSummary" name="test_reports_summary_has_total_metrics" time="0.161" /><testcase classname="backend.tests.test_dashboard_features.TestOrganizationSummary" name="test_org_summary_returns_active_opportunities" time="0.699" /><testcase classname="backend.tests.test_dashboard_features.TestOrganizationSummary" name="test_org_summary_returns_pipeline_opportunities" time="0.073" /><testcase classname="backend.tests.test_dashboard_features.TestOrganizationSummary" name="test_org_summary_opportunities_metrics" time="0.067" /><testcase classname="backend.tests.test_dashboard_features.TestDashboardEndpoints" name="test_dashboard_sales_endpoint" time="0.409" /><testcase classname="backend.tests.test_dashboard_features.TestOpportunityCreation" name="test_create_opportunity_without_source_and_estimated_value" time="0.884" /></testsuite></testsuites>