<?xml version="1.0" encoding="utf-8"?><testsuites name="pytest tests"><testsuite name="pytest" errors="0" failures="0" skipped="0" tests="7" time="2.528" timestamp="2026-02-13T07:21:24.275950+00:00" hostname="agent-env-4d67f4a1-a957-479a-b35a-2abd02a1bb43"><testcase classname="backend.tests.test_iteration10_features.TestActivitiesTitle" name="test_create_activity_with_title" time="0.602" /><testcase classname="backend.tests.test_iteration10_features.TestActivitiesTitle" name="test_activity_types_supported" time="0.437" /><testcase classname="backend.tests.test_iteration10_features.TestDashboardFeatures" name="test_dashboard_returns_opportunities" time="0.291" /><testcase classname="backend.tests.test_iteration10_features.TestDashboardFeatures" name="test_dashboard_at_risk_metrics" time="0.273" /><testcase classname="backend.tests.test_iteration10_features.TestDashboardFeatures" name="test_organizations_have_at_risk_status" time="0.278" /><testcase classname="backend.tests.test_iteration10_features.TestDashboardFeatures" name="test_dashboard_activities_for_color_coding" time="0.276" /><testcase classname="backend.tests.test_iteration10_features.TestOrganizationDetailActivityDialog" name="test_create_activity_for_organization" time="0.304" /></testsuite></testsuites>