<?xml version="1.0" encoding="utf-8"?><testsuites name="pytest tests"><testsuite name="pytest" errors="0" failures="0" skipped="0" tests="9" time="2.995" timestamp="2026-02-13T07:42:35.925144+00:00" hostname="agent-env-8d9333e3-70c1-4071-96cf-0cece8f337f5"><testcase classname="backend.tests.test_iteration11_at_risk.TestAtRiskFeature" name="test_get_opportunities_returns_at_risk_fields" time="0.380" /><testcase classname="backend.tests.test_iteration11_at_risk.TestAtRiskFeature" name="test_put_at_risk_mark_opportunity" time="0.324" /><testcase classname="backend.tests.test_iteration11_at_risk.TestAtRiskFeature" name="test_put_at_risk_clear_status" time="0.341" /><testcase classname="backend.tests.test_iteration11_at_risk.TestAtRiskFeature" name="test_put_at_risk_nonexistent_opportunity" time="0.317" /><testcase classname="backend.tests.test_iteration11_at_risk.TestAtRiskFeature" name="test_get_opportunity_detail_includes_at_risk_fields" time="0.279" /><testcase classname="backend.tests.test_iteration11_at_risk.TestAtRiskFeature" name="test_dashboard_includes_at_risk_metric" time="0.282" /><testcase classname="backend.tests.test_iteration11_at_risk.TestAtRiskFeature" name="test_my_pipeline_includes_at_risk_metric" time="0.283" /><testcase classname="backend.tests.test_iteration11_at_risk.TestOpportunityAtRiskUpdate" name="test_mark_at_risk_without_reason" time="0.336" /><testcase classname="backend.tests.test_iteration11_at_risk.TestOpportunityAtRiskUpdate" name="test_at_risk_update_returns_updated_opportunity" time="0.338" /></testsuite></testsuites>