<?xml version="1.0" encoding="utf-8"?><testsuites name="pytest tests"><testsuite name="pytest" errors="0" failures="0" skipped="0" tests="8" time="2.874" timestamp="2026-02-13T05:41:13.835657+00:00" hostname="agent-env-4d67f4a1-a957-479a-b35a-2abd02a1bb43"><testcase classname="backend.tests.test_delete_activity.TestActivityFeatures" name="test_1_login_success" time="0.341" /><testcase classname="backend.tests.test_delete_activity.TestActivityFeatures" name="test_2_create_activity_with_workshop_type" time="0.348" /><testcase classname="backend.tests.test_delete_activity.TestActivityFeatures" name="test_3_create_activity_with_discovery_session_type" time="0.306" /><testcase classname="backend.tests.test_delete_activity.TestActivityFeatures" name="test_4_create_activity_with_other_type" time="0.382" /><testcase classname="backend.tests.test_delete_activity.TestActivityFeatures" name="test_5_delete_activity_endpoint" time="0.439" /><testcase classname="backend.tests.test_delete_activity.TestActivityFeatures" name="test_6_delete_nonexistent_activity" time="0.277" /><testcase classname="backend.tests.test_delete_activity.TestActivityFeatures" name="test_7_list_activities_shows_all_types" time="0.269" /><testcase classname="backend.tests.test_delete_activity.TestActivityFeatures" name="test_8_create_and_delete_activity_on_org" time="0.401" /></testsuite></testsuites>