<?xml version="1.0" encoding="utf-8"?><testsuites name="pytest tests"><testsuite name="pytest" errors="0" failures="0" skipped="0" tests="17" time="11.280" timestamp="2026-02-19T04:55:03.183565+00:00" hostname="agent-env-4d7b6697-561f-44e2-8a27-981542aa6905"><testcase classname="backend.tests.test_user_management.TestHealthEndpoint" name="test_health_returns_healthy" time="0.210" /><testcase classname="backend.tests.test_user_management.TestAdminLogin" name="test_admin_login_success" time="0.381" /><testcase classname="backend.tests.test_user_management.TestAdminLogin" name="test_admin_login_wrong_password" time="0.339" /><testcase classname="backend.tests.test_user_management.TestAdminLogin" name="test_login_nonexistent_user" time="0.145" /><testcase classname="backend.tests.test_user_management.TestUserManagement" name="test_get_all_users" time="0.385" /><testcase classname="backend.tests.test_user_management.TestUserManagement" name="test_create_user_success" time="0.687" /><testcase classname="backend.tests.test_user_management.TestUserManagement" name="test_create_user_duplicate_email" time="0.408" /><testcase classname="backend.tests.test_user_management.TestUserManagement" name="test_create_user_short_password" time="0.396" /><testcase classname="backend.tests.test_user_management.TestUserManagement" name="test_create_user_invalid_role" time="0.389" /><testcase classname="backend.tests.test_user_management.TestUserManagement" name="test_update_user_success" time="0.816" /><testcase classname="backend.tests.test_user_management.TestUserManagement" name="test_reset_user_password" time="1.380" /><testcase classname="backend.tests.test_user_management.TestUserManagement" name="test_delete_user_success" time="0.767" /><testcase classname="backend.tests.test_user_management.TestUserManagement" name="test_admin_cannot_delete_self" time="0.426" /><testcase classname="backend.tests.test_user_management.TestNonAdminAccess" name="test_nonadmin_cannot_create_user" time="1.120" /><testcase classname="backend.tests.test_user_management.TestNonAdminAccess" name="test_nonadmin_cannot_update_user" time="1.086" /><testcase classname="backend.tests.test_user_management.TestNonAdminAccess" name="test_nonadmin_cannot_delete_user" time="1.076" /><testcase classname="backend.tests.test_user_management.TestNonAdminAccess" name="test_nonadmin_cannot_reset_password" time="1.077" /></testsuite></testsuites>