<?xml version="1.0" encoding="utf-8"?><testsuites name="pytest tests"><testsuite name="pytest" errors="0" failures="0" skipped="0" tests="6" time="2.116" timestamp="2026-02-13T06:45:24.749268+00:00" hostname="agent-env-4d67f4a1-a957-479a-b35a-2abd02a1bb43"><testcase classname="backend.tests.test_iteration9_features.TestActivityDelete" name="test_create_and_delete_activity" time="0.503" /><testcase classname="backend.tests.test_iteration9_features.TestOrganizationSummary" name="test_organization_summary_endpoint_exists" time="0.286" /><testcase classname="backend.tests.test_iteration9_features.TestOrganizationNotes" name="test_add_note_to_organization" time="0.350" /><testcase classname="backend.tests.test_iteration9_features.TestOrganizationNotes" name="test_add_empty_note_fails" time="0.327" /><testcase classname="backend.tests.test_iteration9_features.TestActivityCRUD" name="test_get_activities_list" time="0.316" /><testcase classname="backend.tests.test_iteration9_features.TestActivityCRUD" name="test_get_activities_by_org" time="0.283" /></testsuite></testsuites>