<?xml version="1.0" encoding="utf-8"?><testsuites name="pytest tests"><testsuite name="pytest" errors="0" failures="0" skipped="0" tests="10" time="2.823" timestamp="2026-02-13T04:29:02.615858+00:00" hostname="agent-env-bee47de1-7d35-4485-a3e7-4d6dd2e411e7"><testcase classname="backend.tests.test_iteration5_features.TestNoMoreDemoUsers" name="test_users_endpoint_no_demo_users" time="0.351" /><testcase classname="backend.tests.test_iteration5_features.TestNoMoreDemoUsers" name="test_users_count_is_seven" time="0.049" /><testcase classname="backend.tests.test_iteration5_features.TestChangeOwnerOrganization" name="test_change_organization_owner" time="0.427" /><testcase classname="backend.tests.test_iteration5_features.TestChangeOwnerContact" name="test_change_contact_owner" time="0.358" /><testcase classname="backend.tests.test_iteration5_features.TestChangeOwnerOpportunity" name="test_change_opportunity_owner" time="0.434" /><testcase classname="backend.tests.test_iteration5_features.TestCreateOpportunityFromOrg" name="test_create_opportunity_from_org" time="0.403" /><testcase classname="backend.tests.test_iteration5_features.TestDeleteFunctionality" name="test_delete_organization" time="0.288" /><testcase classname="backend.tests.test_iteration5_features.TestDeleteFunctionality" name="test_delete_contact" time="0.117" /><testcase classname="backend.tests.test_iteration5_features.TestDeleteFunctionality" name="test_delete_opportunity" time="0.132" /><testcase classname="backend.tests.test_iteration5_features.TestDeleteFunctionality" name="test_delete_opportunity_also_deletes_activities" time="0.151" /></testsuite></testsuites>